<?xml version="1.0" encoding="UTF-8"?>
<testng-results ignored="0" total="1" passed="1" failed="0" skipped="0">
  <reporter-output>
  </reporter-output>
  <suite started-at="2024-03-14T19:09:27 EET" name="Default suite" finished-at="2024-03-14T19:09:43 EET" duration-ms="15287">
    <groups>
    </groups>
    <test started-at="2024-03-14T19:09:27 EET" name="Default test" finished-at="2024-03-14T19:09:43 EET" duration-ms="15287">
      <class name="Mytest3QA">
        <test-method is-config="true" signature="Mytestswag()[pri:0, instance:Mytest3QA@24d09c1]" started-at="2024-03-14T19:09:27 EET" name="Mytestswag" finished-at="2024-03-14T19:09:33 EET" duration-ms="5665" status="PASS">
          <reporter-output>
          </reporter-output>
        </test-method> <!-- Mytestswag -->
        <test-method signature="CheckTheWebSiteTitle()[pri:0, instance:Mytest3QA@24d09c1]" started-at="2024-03-14T19:09:33 EET" name="CheckTheWebSiteTitle" finished-at="2024-03-14T19:09:42 EET" duration-ms="8455" status="PASS">
          <reporter-output>
          </reporter-output>
        </test-method> <!-- CheckTheWebSiteTitle -->
        <test-method is-config="true" signature="AfterTesting()[pri:0, instance:Mytest3QA@24d09c1]" started-at="2024-03-14T19:09:42 EET" name="AfterTesting" finished-at="2024-03-14T19:09:43 EET" duration-ms="1126" status="PASS">
          <reporter-output>
          </reporter-output>
        </test-method> <!-- AfterTesting -->
      </class> <!-- Mytest3QA -->
    </test> <!-- Default test -->
  </suite> <!-- Default suite -->
</testng-results>
